
ROM used: 59 (1%)
          59 (1%) including unused fragments

          0 Average locations per line
          7 Average locations per statement

RAM used: 6 (2%) at main() level
          7 (2%) worst case

Stack used: 1 worst case (out of 8 total available)

Lines Stmts  %   Files
----- ----- ---  -----
   19     8 100  Reloj 20Mhz.c
  411     0   0  ..\..\..\..\..\..\..\..\Program Files (x86)\PICC\devices\16f887.h
----- -----
  430     8 Total

Page ROM  %  RAM   Vol Diff  Functions:
---- --- --- ---   --- ----  ----------
0     20  34   1             @delay_ms1
0     35  59   0   154  2.6  MAIN

Program metrics:
    Functions               1
    Statements              8
    Comments                86
    Volume (V)              156
    Difficilty (D)          2.5
    Effort to implement (E) 390
    Time to implement (T)   0 minutes
    Est Delivered Bugs (B)  0
    Cyclomatic Complexity   1
    Maintainability (MI)    160

 Segment     Used  Free
-----------  ----  ----
00000-00003     4  0  
00004-007FF    55  1989  
00800-00FFF     0  2048  
01000-017FF     0  2048  
01800-01FFF     0  2048  



