
ROM used:   1257/8192 (15%)
            1257/8192 (15%) including unused fragments

            0.8 Average locations per line
            7.4 Average locations per statement

RAM used:   20/368 (5%) at main() level
            46/368 (12%) worst case

Stack used: 5 worst case (5 in main + 0 for interrupts)
Stack size: 8

Lines Stmts  %   Files
----- ----- ---  -----
  109    44  26  Teclado Matricial con LCD.c
  786     0   0  ..\..\..\..\..\..\..\Program Files (x86)\PICC\Devices\16F887.h
  456    84  49  ..\..\..\..\..\..\..\Program Files (x86)\PICC\Drivers\LCD.C
  150    43  25  ..\..\..\..\..\..\..\Program Files (x86)\PICC\Drivers\kbd4x4_1.C
----- -----
 1501   171 Total

Page ROM  %  RAM    Vol Diff  Functions:
---- --- --- ---    --- ----  ----------
0     21   2    1             @delay_ms1
 Inline         3    596  5.9  lcd_read_byte
0      6   0    0     59  4.2  lcd_read_nibble
0     12   1    1    179  3.3  lcd_send_nibble
0     64   5    3    460  4.7  lcd_send_byte
0     62   5    6    814  7.2  lcd_init
0     18   1    4    208  6.3  lcd_gotoxy
0     44   4    1    354  4.7  lcd_putc
0     20   2    0             @const687
0      3   0    0      3  0.0  kbd_init
0    103   8    3   5857 10.1  kbd_getc
0      8   1    0     27  1.5  @goto33545
0     35   3    3    230  4.5  tecla_time
0    214  17    1    922  5.7  MAIN
0      1   0    0             @const716
0     86   7    4     37  1.3  @PSTRINGC7_673
0      4   0    0    307  2.6  @const721
0      1   0    0    333  2.0  @const723
0     31   2    2    383  4.4  @ITOF
0    117   9   13    245  3.2  @MULFF
0      9   1    0             @const729
0     89   7    5    364  5.1  @PSTRINGCN7_673
 Inline         5   1065  9.1  @FTOSD
0     79   6   13     86  1.9  @DIV3232
0    226  18   13     96  3.2  @PRINTF_L32D_673FPFPF
 Inline         0    230  4.5  @cinit1

Program metrics:
    Functions               22
    Statements              171
    Comments                317
    Volume (V)              19882
    Difficulty (D)          96.4
    Effort to implement (E) 1916309
    Time to implement (T)   29 hours, 34 minutes
    Est Delivered Bugs (B)  5
    Cyclomatic Complexity   46
    Maintainability (MI)    82

 Segment     Used  Free
-----------  ----  ----
00000-00003     4  0  
00004-007FF  1253  791  
00800-00FFF     0  2048  
01000-017FF     0  2048  
01800-01FFF     0  2048  



