
ROM used:   144/8192 (2%)
            144/8192 (2%) including unused fragments

            0.2 Average locations per line
            5.8 Average locations per statement

RAM used:   9/368 (2%) at main() level
            14/368 (4%) worst case

Stack used: 1 worst case (1 in main + 0 for interrupts)
Stack size: 8

Lines Stmts  %   Files
----- ----- ---  -----
   53    25 100  MULTIPLEXACIÓN DISPLAY 7 Seg.c
  786     0   0  ..\..\..\..\..\..\..\Program Files (x86)\PICC\Devices\16f887.h
----- -----
  839    25 Total

Page ROM  %  RAM    Vol Diff  Functions:
---- --- --- ---    --- ----  ----------
0     21  15    1             @delay_ms1
0     14  10    0             @const645
 Inline         2    348  3.8  mostrar
0     21  15    3    802  5.7  @DIV88
0     49  34    0     70  2.6  ret_1_seg
0     35  24    0    152  3.0  MAIN
 Inline         0             @cinit1

Program metrics:
    Functions               4
    Statements              25
    Comments                156
    Volume (V)              1793
    Difficulty (D)          15.3
    Effort to implement (E) 27401
    Time to implement (T)   25 minutes
    Est Delivered Bugs (B)  0
    Cyclomatic Complexity   3
    Maintainability (MI)    97

 Segment     Used  Free
-----------  ----  ----
00000-00003     4  0  
00004-007FF   140  1904  
00800-00FFF     0  2048  
01000-017FF     0  2048  
01800-01FFF     0  2048  



