
ROM used:   131/8192 (2%)
            131/8192 (2%) including unused fragments

            0.2 Average locations per line
            11.9 Average locations per statement

RAM used:   14/368 (4%) at main() level
            15/368 (4%) worst case

Stack used: 0 worst case (0 in main + 0 for interrupts)
Stack size: 8

Lines Stmts  %   Files
----- ----- ---  -----
   31    11 100  INTERRUPCIONES_Externas INT.c
  786     0   0  ..\..\..\..\..\..\..\Program Files (x86)\PICC\Devices\16F887.H
----- -----
  817    11 Total

Page ROM  %  RAM    Vol Diff  Functions:
---- --- --- ---    --- ----  ----------
 Inline         1             @delay_ms1
0     14  11    0             @const645
0     31  24    0     72  2.7  INTERRUPCION
0     39  30    0    125  2.6  MAIN
 Inline         0             @cinit1

Program metrics:
    Functions               2
    Statements              11
    Comments                142
    Volume (V)              248
    Difficulty (D)          4.8
    Effort to implement (E) 1180
    Time to implement (T)   1 minutes
    Est Delivered Bugs (B)  0
    Cyclomatic Complexity   1
    Maintainability (MI)    142

 Segment     Used  Free
-----------  ----  ----
00000-00003     4  0  
00004-0002E    43  0  
0002F-007FF    84  1917  
00800-00FFF     0  2048  
01000-017FF     0  2048  
01800-01FFF     0  2048  



