
ROM used:   109/8192 (1%)
            109/8192 (1%) including unused fragments

            0.1 Average locations per line
            3.6 Average locations per statement

RAM used:   5/368 (1%) at main() level
            6/368 (2%) worst case

Stack used: 1 worst case (1 in main + 0 for interrupts)
Stack size: 8

Lines Stmts  %   Files
----- ----- ---  -----
   44    30 100  Secuencia leds.c
  786     0   0  ..\..\..\..\..\..\..\Program Files (x86)\PICC\Devices\16F887.h
----- -----
  830    30 Total

Page ROM  %  RAM    Vol Diff  Functions:
---- --- --- ---    --- ----  ----------
0     21  19    1             @delay_ms1
0     84  77    0    755  4.3  main
 Inline         0     59  4.2  @cinit1

Program metrics:
    Functions               2
    Statements              30
    Comments                142
    Volume (V)              891
    Difficulty (D)          7.4
    Effort to implement (E) 6583
    Time to implement (T)   6 minutes
    Est Delivered Bugs (B)  0
    Cyclomatic Complexity   1
    Maintainability (MI)    119

 Segment     Used  Free
-----------  ----  ----
00000-00003     4  0  
00004-007FF   105  1939  
00800-00FFF     0  2048  
01000-017FF     0  2048  
01800-01FFF     0  2048  



