
ROM used: 316 (4%)
          316 (4%) including unused fragments

          1 Average locations per line
          4 Average locations per statement

RAM used: 9 (2%) at main() level
          19 (5%) worst case

Stack used: 4 worst case (out of 8 total available)

Lines Stmts  %   Files
----- ----- ---  -----
   34    14  18  Despla_LCD_2.c
  410     0   0  ..\..\..\..\..\Program Files (x86)\PICC\devices\16f887.h
  168    63  82  ..\..\..\..\..\Program Files (x86)\PICC\drivers\lcd.c
----- -----
  612    77 Total

Page ROM  %  RAM   Vol Diff  Functions:
---- --- --- ---   --- ----  ----------
0     21   7   1             @delay_ms1
0      8   3   0             @const54
 Inline        3   463  4.3  lcd_read_byte
0     12   4   1   134  2.2  lcd_send_nibble
0     58  18   3   317  4.3  lcd_send_byte
0     44  14   2   422  4.7  lcd_init
0     18   6   4   186  5.5  lcd_gotoxy
0     37  12   1   272  4.1  lcd_putc
0     33  10   0   195  2.6  @const80
0     75  24   3   353  5.6  MAIN
0      6   2   0             @const86

Program metrics:
    Functions               8
    Statements              77
    Comments                145
    Volume (V)              3661
    Difficilty (D)          32.8
    Effort to implement (E) 119963
    Time to implement (T)   1 hours, 51 minutes
    Est Delivered Bugs (B)  1
    Cyclomatic Complexity   9
    Maintainability (MI)    118

 Segment     Used  Free
-----------  ----  ----
00000-00003     4  0  
00004-007FF   312  1732  
00800-00FFF     0  2048  
01000-017FF     0  2048  
01800-01FFF     0  2048  



