
ROM used: 67 (1%)
          67 (1%) including unused fragments

          0 Average locations per line
          10 Average locations per statement

RAM used: 7 (2%) at main() level
          8 (2%) worst case

Stack used: 1 worst case (out of 8 total available)

Lines Stmts  %   Files
----- ----- ---  -----
   18     7 100  DELAY.c
  411     0   0  ..\..\..\..\..\..\..\Program Files (x86)\PICC\devices\16f887.h
----- -----
  429     7 Total

Page ROM  %  RAM   Vol Diff  Functions:
---- --- --- ---   --- ----  ----------
0     21  31   1             @delay_ms1
0     42  63   1   130  2.2  MAIN

Program metrics:
    Functions               1
    Statements              7
    Comments                86
    Volume (V)              132
    Difficilty (D)          2.0
    Effort to implement (E) 268
    Time to implement (T)   0 minutes
    Est Delivered Bugs (B)  0
    Cyclomatic Complexity   1
    Maintainability (MI)    163

 Segment     Used  Free
-----------  ----  ----
00000-00003     4  0  
00004-007FF    63  1981  
00800-00FFF     0  2048  
01000-017FF     0  2048  
01800-01FFF     0  2048  



