
ROM used:   1336/8192 (16%)
            1336/8192 (16%) including unused fragments

            1.0 Average locations per line
            11.8 Average locations per statement

RAM used:   31/368 (8%) at main() level
            55/368 (15%) worst case

Stack used: 5 worst case (4 in main + 1 for interrupts)
Stack size: 8

Lines Stmts  %   Files
----- ----- ---  -----
   68    29  26  9.Medir Velocidad RPM_ Motor Encoder.c
  786     0   0  ..\..\..\..\..\..\..\Program Files (x86)\PICC\Devices\16F887.h
  456    84  74  ..\..\..\..\..\..\..\Program Files (x86)\PICC\Drivers\LCD.C
----- -----
 1310   113 Total

Page ROM  %  RAM    Vol Diff  Functions:
---- --- --- ---    --- ----  ----------
0     21   2    1             @delay_ms1
 Inline         3    596  5.9  lcd_read_byte
0      6   0    0     59  4.2  lcd_read_nibble
0     12   1    1    179  3.3  lcd_send_nibble
0     64   5    3    460  4.7  lcd_send_byte
0     62   5    6    814  7.2  lcd_init
0     18   1    4    208  6.3  lcd_gotoxy
0     44   3    1    354  4.7  lcd_putc
0      7   1    0     13  1.0  ext_isr
0    255  19    2    786  4.8  MAIN
0      8   1    0             @const699
0     88   7    4             @PSTRINGC7_673
0     23   2    5             @MUL1616
0     39   3    5             @DIV1616
0     31   2    2             @ITOF
0      5   0    0             @const712
0     89   7    5             @PSTRINGCN7_673
 Inline        13             @MULFF
 Inline         5             @FTOSD
0     79   6   13             @DIV3232
0    341  26   13             @PRINTF_L32D_673FPFPF
0     65   5   10             @FLT
 Inline         0             @cinit1

Program metrics:
    Functions               9
    Statements              113
    Comments                263
    Volume (V)              5259
    Difficulty (D)          39.8
    Effort to implement (E) 209346
    Time to implement (T)   3 hours, 14 minutes
    Est Delivered Bugs (B)  1
    Cyclomatic Complexity   9
    Maintainability (MI)    140

 Segment     Used  Free
-----------  ----  ----
00000-00003     4  0  
00004-0004E    75  0  
0004F-007FF  1257  712  
00800-00FFF     0  2048  
01000-017FF     0  2048  
01800-01FFF     0  2048  



