
ROM used:   357/8192 (4%)
            357/8192 (4%) including unused fragments

            0.4 Average locations per line
            11.9 Average locations per statement

RAM used:   8/368 (2%) at main() level
            12/368 (3%) worst case

Stack used: 2 worst case (2 in main + 0 for interrupts)
Stack size: 8

Lines Stmts  %   Files
----- ----- ---  -----
   50    30 100  DISPLAY_PULSA.c
  786     0   0  ..\..\..\..\..\..\..\..\Program Files (x86)\PICC\Devices\16F887.H
----- -----
  836    30 Total

Page ROM  %  RAM    Vol Diff  Functions:
---- --- --- ---    --- ----  ----------
0     21   6    1             @delay_ms1
0     14   4    0             @const648
0    140  39    1    802  5.7  main
0      4   1    0             @const657
0     21   6    3             @DIV88
0     56  16    2             @PRINTF_U_9600_62_63
0     89  25    5             @PSTRINGCN7_9600_62_63
0      4   1    0             @const666
0      4   1    0             @const667
 Inline         0             @cinit1

Program metrics:
    Functions               1
    Statements              30
    Comments                140
    Volume (V)              824
    Difficulty (D)          5.0
    Effort to implement (E) 4085
    Time to implement (T)   4 minutes
    Est Delivered Bugs (B)  0
    Cyclomatic Complexity   3
    Maintainability (MI)    55

 Segment     Used  Free
-----------  ----  ----
00000-00003     4  0  
00004-007FF   353  1691  
00800-00FFF     0  2048  
01000-017FF     0  2048  
01800-01FFF     0  2048  



