CCS PCM C Compiler, Version 4.057, 57501               16-Sep-21 11:08

               Filename: C:\Users\CRISTRONICOS\Documents\PROGRAMACIÓN-ELECTRÓNICA\2.uC PIC\LEARNING\6.DISPLAY 7 SEGMENTOS\DISPLAY 7 SEGMENTOS.lst

               ROM used: 89 words (1%)
                         Largest free fragment is 2048
               RAM used: 8 (2%) at main() level
                         9 (2%) worst case
               Stack:    1 locations

*
0000:  MOVLW  00
0001:  MOVWF  0A
0002:  GOTO   029
0003:  NOP
.................... #INCLUDE <16F887.H> 
.................... //////// Standard Header file for the PIC16F887 device //////////////// 
.................... #device PIC16F887 
.................... #list 
....................  
.................... #USE DELAY(CLOCK=4000000) 
0012:  MOVLW  22
0013:  MOVWF  04
0014:  BCF    03.7
0015:  MOVF   00,W
0016:  BTFSC  03.2
0017:  GOTO   026
0018:  MOVLW  01
0019:  MOVWF  78
001A:  CLRF   77
001B:  DECFSZ 77,F
001C:  GOTO   01B
001D:  DECFSZ 78,F
001E:  GOTO   01A
001F:  MOVLW  4A
0020:  MOVWF  77
0021:  DECFSZ 77,F
0022:  GOTO   021
0023:  GOTO   024
0024:  DECFSZ 00,F
0025:  GOTO   018
0026:  BCF    0A.3
0027:  BCF    0A.4
0028:  GOTO   050 (RETURN)
.................... #FUSES XT,NOPROTECT,NOWDT,NOBROWNOUT,PUT,NOLVP 
....................  
.................... byte const display[10]={0x3f,0x06,0x5b,0x4f,0x66,0x6d,0x7d,0x07,0x7f,0x67}; 
.................... #BYTE PORTB=6 
.................... int Contador; 
....................  
.................... main() 
.................... { 
0029:  CLRF   04
002A:  BCF    03.7
002B:  MOVLW  1F
002C:  ANDWF  03,F
002D:  BSF    03.5
002E:  BSF    03.6
002F:  MOVF   09,W
0030:  ANDLW  C0
0031:  MOVWF  09
0032:  BCF    03.6
0033:  BCF    1F.4
0034:  BCF    1F.5
0035:  MOVLW  00
0036:  BSF    03.6
0037:  MOVWF  08
0038:  BCF    03.5
0039:  CLRF   07
003A:  CLRF   08
003B:  CLRF   09
....................   SET_TRIS_B(0B00000000);//SE CONFIGURAN TODOS COMO SALIDA 
003C:  MOVLW  00
003D:  BSF    03.5
003E:  BCF    03.6
003F:  MOVWF  06
....................   Contador=0; 
0040:  BCF    03.5
0041:  CLRF   20
....................   while(Contador<10) 
....................   { 
0042:  MOVF   20,W
0043:  SUBLW  09
0044:  BTFSS  03.0
0045:  GOTO   058
....................    PORTB=display[Contador]; 
0046:  MOVF   20,W
0047:  CALL   004
0048:  MOVWF  78
0049:  MOVWF  06
....................    Contador++; 
004A:  INCF   20,F
....................    DELAY_MS(500); 
004B:  MOVLW  02
004C:  MOVWF  21
004D:  MOVLW  FA
004E:  MOVWF  22
004F:  GOTO   012
0050:  DECFSZ 21,F
0051:  GOTO   04D
....................    if(Contador==10) 
0052:  MOVF   20,W
0053:  SUBLW  0A
0054:  BTFSS  03.2
0055:  GOTO   057
....................   {Contador=0; 
0056:  CLRF   20
....................   } 
....................   } 
0057:  GOTO   042
....................    
.................... } 
0058:  SLEEP

Configuration Fuses:
   Word  1: 2CE1   XT NOWDT PUT MCLR NOPROTECT NOCPD NOBROWNOUT IESO FCMEN NOLVP NODEBUG
   Word  2: 3FFF   NOWRT BORV40
