
ROM used: 89 (1%)
          89 (1%) including unused fragments

          0 Average locations per line
          9 Average locations per statement

RAM used: 8 (2%) at main() level
          9 (2%) worst case

Stack used: 1 worst case (out of 8 total available)

Lines Stmts  %   Files
----- ----- ---  -----
   24    10 100  DISPLAY 7 SEGMENTOS.c
  411     0   0  ..\..\..\..\..\..\..\Program Files (x86)\PICC\devices\16F887.H
----- -----
  435    10 Total

Page ROM  %  RAM   Vol Diff  Functions:
---- --- --- ---   --- ----  ----------
0     23  26   1             @delay_ms1
0     14  16   0             @const47
0     48  54   1   187  4.4  main

Program metrics:
    Functions               1
    Statements              10
    Comments                85
    Volume (V)              191
    Difficilty (D)          4.0
    Effort to implement (E) 765
    Time to implement (T)   1 minutes
    Est Delivered Bugs (B)  0
    Cyclomatic Complexity   1
    Maintainability (MI)    156

 Segment     Used  Free
-----------  ----  ----
00000-00003     4  0  
00004-007FF    85  1959  
00800-00FFF     0  2048  
01000-017FF     0  2048  
01800-01FFF     0  2048  



