
ROM used: 109 (1%)
          109 (1%) including unused fragments

          0 Average locations per line
          6 Average locations per statement

RAM used: 8 (2%) at main() level
          9 (2%) worst case

Stack used: 1 worst case (out of 8 total available)

Lines Stmts  %   Files
----- ----- ---  -----
   46    19 100  MOTOR PASO A PASO.c
  411     0   0  ..\..\..\..\..\..\..\Program Files (x86)\PICC\devices\16F887.h
----- -----
  457    19 Total

Page ROM  %  RAM   Vol Diff  Functions:
---- --- --- ---   --- ----  ----------
0     21  19   1             @delay_ms1
0      8   7   0   755  4.3  @const50
0      8   7   0     3  0.0  @const52
0     68  62   0   500  6.1  main

Program metrics:
    Functions               3
    Statements              19
    Comments                96
    Volume (V)              1488
    Difficilty (D)          11.3
    Effort to implement (E) 16747
    Time to implement (T)   16 minutes
    Est Delivered Bugs (B)  0
    Cyclomatic Complexity   1
    Maintainability (MI)    139

 Segment     Used  Free
-----------  ----  ----
00000-00003     4  0  
00004-007FF   105  1939  
00800-00FFF     0  2048  
01000-017FF     0  2048  
01800-01FFF     0  2048  



