CCS PCM C Compiler, Version 5.076, 5967               01-Apr-20 08:44

               Filename:   C:\Users\Sergio\Google Drive\Projects\11. LCD\Ej 1\LCD_1_Mensaje.lst

               ROM used:   384 words (5%)
                           Largest free fragment is 2048
               RAM used:   7 (2%) at main() level
                           20 (5%) worst case
               Stack used: 5 locations
               Stack size: 8

*
0000:  MOVLW  01
0001:  MOVWF  0A
0002:  GOTO   148
0003:  NOP
.................... #INCLUDE <16F887.H> 
.................... //////////// Standard Header file for the PIC16F887 device //////////////// 
.................... /////////////////////////////////////////////////////////////////////////// 
.................... ////        (C) Copyright 1996, 2014 Custom Computer Services          //// 
.................... //// This source code may only be used by licensed users of the CCS C  //// 
.................... //// compiler.  This source code may only be distributed to other      //// 
.................... //// licensed users of the CCS C compiler.  No other use, reproduction //// 
.................... //// or distribution is permitted without written permission.          //// 
.................... //// Derivative programs created using this software in object code    //// 
.................... //// form are not restricted in any way.                               //// 
.................... /////////////////////////////////////////////////////////////////////////// 
.................... #device PIC16F887 
0004:  DATA 0C,00
0005:  DATA C3,37
0006:  DATA 6E,3A
0007:  DATA F2,37
0008:  DATA 6C,00
0009:  DATA C1,3A
000A:  DATA F4,37
000B:  DATA ED,30
000C:  DATA F4,34
000D:  DATA E3,37
000E:  DATA 00,00
*
00F2:  MOVF   0B,W
00F3:  MOVWF  22
00F4:  BCF    0B.7
00F5:  BSF    03.5
00F6:  BSF    03.6
00F7:  BSF    0C.7
00F8:  BSF    0C.0
00F9:  NOP
00FA:  NOP
00FB:  BCF    03.5
00FC:  BCF    03.6
00FD:  BTFSC  22.7
00FE:  BSF    0B.7
00FF:  BSF    03.6
0100:  MOVF   0C,W
0101:  ANDLW  7F
0102:  BTFSC  03.2
0103:  GOTO   146
0104:  BCF    03.6
0105:  MOVWF  22
0106:  BSF    03.6
0107:  MOVF   0D,W
0108:  BCF    03.6
0109:  MOVWF  23
010A:  BSF    03.6
010B:  MOVF   0F,W
010C:  BCF    03.6
010D:  MOVWF  24
010E:  MOVF   22,W
010F:  MOVWF  25
0110:  CALL   0C6
0111:  MOVF   23,W
0112:  BSF    03.6
0113:  MOVWF  0D
0114:  BCF    03.6
0115:  MOVF   24,W
0116:  BSF    03.6
0117:  MOVWF  0F
0118:  BCF    03.6
0119:  MOVF   0B,W
011A:  MOVWF  25
011B:  BCF    0B.7
011C:  BSF    03.5
011D:  BSF    03.6
011E:  BSF    0C.7
011F:  BSF    0C.0
0120:  NOP
0121:  NOP
0122:  BCF    03.5
0123:  BCF    03.6
0124:  BTFSC  25.7
0125:  BSF    0B.7
0126:  BSF    03.6
0127:  RLF    0C,W
0128:  RLF    0E,W
0129:  ANDLW  7F
012A:  BTFSC  03.2
012B:  GOTO   146
012C:  BCF    03.6
012D:  MOVWF  22
012E:  BSF    03.6
012F:  MOVF   0D,W
0130:  BCF    03.6
0131:  MOVWF  23
0132:  BSF    03.6
0133:  MOVF   0F,W
0134:  BCF    03.6
0135:  MOVWF  24
0136:  MOVF   22,W
0137:  MOVWF  25
0138:  CALL   0C6
0139:  MOVF   23,W
013A:  BSF    03.6
013B:  MOVWF  0D
013C:  BCF    03.6
013D:  MOVF   24,W
013E:  BSF    03.6
013F:  MOVWF  0F
0140:  INCF   0D,F
0141:  BTFSC  03.2
0142:  INCF   0F,F
0143:  BCF    03.6
0144:  GOTO   0F2
0145:  BSF    03.6
0146:  BCF    03.6
0147:  RETURN
....................  
.................... #list 
....................  
.................... #USE DELAY(CLOCK=4000000) 
*
000F:  MOVLW  27
0010:  MOVWF  04
0011:  BCF    03.7
0012:  MOVF   00,W
0013:  BTFSC  03.2
0014:  GOTO   023
0015:  MOVLW  01
0016:  MOVWF  78
0017:  CLRF   77
0018:  DECFSZ 77,F
0019:  GOTO   018
001A:  DECFSZ 78,F
001B:  GOTO   017
001C:  MOVLW  4A
001D:  MOVWF  77
001E:  DECFSZ 77,F
001F:  GOTO   01E
0020:  GOTO   021
0021:  DECFSZ 00,F
0022:  GOTO   015
0023:  RETURN
.................... #INCLUDE <LCD.C> 
.................... /////////////////////////////////////////////////////////////////////////////// 
.................... ////                             LCD.C                                     //// 
.................... ////                 Driver for common LCD modules                         //// 
.................... ////                                                                       //// 
.................... ////  lcd_init()   Must be called before any other function.               //// 
.................... ////                                                                       //// 
.................... ////  lcd_putc(c)  Will display c on the next position of the LCD.         //// 
.................... ////                 \a  Set cursor position to upper left                 //// 
.................... ////                 \f  Clear display, set cursor to upper left           //// 
.................... ////                 \n  Go to start of second line                        //// 
.................... ////                 \b  Move back one position                            //// 
.................... ////              If LCD_EXTENDED_NEWLINE is defined, the \n character     //// 
.................... ////              will erase all remanining characters on the current      //// 
.................... ////              line, and move the cursor to the beginning of the next   //// 
.................... ////              line.                                                    //// 
.................... ////              If LCD_EXTENDED_NEWLINE is defined, the \r character     //// 
.................... ////              will move the cursor to the start of the current         //// 
.................... ////              line.                                                    //// 
.................... ////                                                                       //// 
.................... ////  lcd_gotoxy(x,y) Set write position on LCD (upper left is 1,1)        //// 
.................... ////                                                                       //// 
.................... ////  lcd_getc(x,y)   Returns character at position x,y on LCD             //// 
.................... ////                                                                       //// 
.................... ////  lcd_cursor_on(int1 on)   Turn the cursor on (on=TRUE) or off         //// 
.................... ////              (on=FALSE).                                              //// 
.................... ////                                                                       //// 
.................... ////  lcd_set_cgram_char(w, *p)   Write a custom character to the CGRAM.   //// 
.................... ////                                                                       //// 
.................... ////                                                                       //// 
.................... ////  CONFIGURATION                                                        //// 
.................... ////  The LCD can be configured in one of two ways: a.) port access or     //// 
.................... ////  b.) pin access.  Port access requires the entire 7 bit interface     //// 
.................... ////  connected to one GPIO port, and the data bits (D4:D7 of the LCD)     //// 
.................... ////  connected to sequential pins on the GPIO.  Pin access                //// 
.................... ////  has no requirements, all 7 bits of the control interface can         //// 
.................... ////  can be connected to any GPIO using several ports.                    //// 
.................... ////                                                                       //// 
.................... ////  To use port access, #define LCD_DATA_PORT to the SFR location of     //// 
.................... ////  of the GPIO port that holds the interface, -AND- edit LCD_PIN_MAP    //// 
.................... ////  of this file to configure the pin order.  If you are using a         //// 
.................... ////  baseline PIC (PCB), then LCD_OUTPUT_MAP and LCD_INPUT_MAP also must  //// 
.................... ////  be defined.                                                          //// 
.................... ////                                                                       //// 
.................... ////  Example of port access:                                              //// 
.................... ////     #define LCD_DATA_PORT getenv("SFR:PORTD")                         //// 
.................... ////                                                                       //// 
.................... ////  To use pin access, the following pins must be defined:               //// 
.................... ////     LCD_ENABLE_PIN                                                    //// 
.................... ////     LCD_RS_PIN                                                        //// 
.................... ////     LCD_RW_PIN                                                        //// 
.................... ////     LCD_DATA4                                                         //// 
.................... ////     LCD_DATA5                                                         //// 
.................... ////     LCD_DATA6                                                         //// 
.................... ////     LCD_DATA7                                                         //// 
.................... ////                                                                       //// 
.................... ////  Example of pin access:                                               //// 
.................... ////     #define LCD_ENABLE_PIN  PIN_E0                                    //// 
.................... ////     #define LCD_RS_PIN      PIN_E1                                    //// 
.................... ////     #define LCD_RW_PIN      PIN_E2                                    //// 
.................... ////     #define LCD_DATA4       PIN_D4                                    //// 
.................... ////     #define LCD_DATA5       PIN_D5                                    //// 
.................... ////     #define LCD_DATA6       PIN_D6                                    //// 
.................... ////     #define LCD_DATA7       PIN_D7                                    //// 
.................... ////                                                                       //// 
.................... /////////////////////////////////////////////////////////////////////////////// 
.................... ////        (C) Copyright 1996,2010 Custom Computer Services           //// 
.................... //// This source code may only be used by licensed users of the CCS C  //// 
.................... //// compiler.  This source code may only be distributed to other      //// 
.................... //// licensed users of the CCS C compiler.  No other use, reproduction //// 
.................... //// or distribution is permitted without written permission.          //// 
.................... //// Derivative programs created using this software in object code    //// 
.................... //// form are not restricted in any way.                               //// 
.................... /////////////////////////////////////////////////////////////////////////// 
....................  
.................... #ifndef __LCD_C__ 
.................... #define __LCD_C__ 
....................  
.................... // define the pinout. 
.................... // only required if port access is being used. 
.................... typedef struct   
.................... {                            // This structure is overlayed 
....................    int1 enable;           // on to an I/O port to gain 
....................    int1 rs;               // access to the LCD pins. 
....................    int1 rw;               // The bits are allocated from 
....................    int1 unused;           // low order up.  ENABLE will 
....................    unsigned int     data : 4;         // be LSB pin of that port. 
....................   #if defined(__PCD__)       // The port used will be LCD_DATA_PORT. 
....................    unsigned int    reserved: 8; 
....................   #endif 
.................... } LCD_PIN_MAP; 
....................  
.................... // this is to improve compatability with previous LCD drivers that accepted 
.................... // a define labeled 'use_portb_lcd' that configured the LCD onto port B. 
.................... #if ((defined(use_portb_lcd)) && (use_portb_lcd==TRUE)) 
....................  #define LCD_DATA_PORT getenv("SFR:PORTB") 
.................... #endif 
....................  
.................... #if defined(__PCB__) 
....................    // these definitions only need to be modified for baseline PICs. 
....................    // all other PICs use LCD_PIN_MAP or individual LCD_xxx pin definitions. 
.................... /*                                    EN, RS,   RW,   UNUSED,  DATA  */ 
....................  const LCD_PIN_MAP LCD_OUTPUT_MAP =  {0,  0,    0,    0,       0}; 
....................  const LCD_PIN_MAP LCD_INPUT_MAP =   {0,  0,    0,    0,       0xF}; 
.................... #endif 
....................  
.................... ////////////////////// END CONFIGURATION /////////////////////////////////// 
....................  
.................... #ifndef LCD_ENABLE_PIN 
....................    #define lcd_output_enable(x) lcdlat.enable=x 
....................    #define lcd_enable_tris()   lcdtris.enable=0 
.................... #else 
....................    #define lcd_output_enable(x) output_bit(LCD_ENABLE_PIN, x) 
....................    #define lcd_enable_tris()  output_drive(LCD_ENABLE_PIN) 
.................... #endif 
....................  
.................... #ifndef LCD_RS_PIN 
....................    #define lcd_output_rs(x) lcdlat.rs=x 
....................    #define lcd_rs_tris()   lcdtris.rs=0 
.................... #else 
....................    #define lcd_output_rs(x) output_bit(LCD_RS_PIN, x) 
....................    #define lcd_rs_tris()  output_drive(LCD_RS_PIN) 
.................... #endif 
....................  
.................... #ifndef LCD_RW_PIN 
....................    #define lcd_output_rw(x) lcdlat.rw=x 
....................    #define lcd_rw_tris()   lcdtris.rw=0 
.................... #else 
....................    #define lcd_output_rw(x) output_bit(LCD_RW_PIN, x) 
....................    #define lcd_rw_tris()  output_drive(LCD_RW_PIN) 
.................... #endif 
....................  
.................... // original version of this library incorrectly labeled LCD_DATA0 as LCD_DATA4, 
.................... // LCD_DATA1 as LCD_DATA5, and so on.  this block of code makes the driver 
.................... // compatible with any code written for the original library 
.................... #if (defined(LCD_DATA0) && defined(LCD_DATA1) && defined(LCD_DATA2) && defined(LCD_DATA3) && !defined(LCD_DATA4) && !defined(LCD_DATA5) && !defined(LCD_DATA6) && !defined(LCD_DATA7)) 
....................    #define  LCD_DATA4    LCD_DATA0 
....................    #define  LCD_DATA5    LCD_DATA1 
....................    #define  LCD_DATA6    LCD_DATA2 
....................    #define  LCD_DATA7    LCD_DATA3 
.................... #endif 
....................  
.................... #ifndef LCD_DATA4 
.................... #ifndef LCD_DATA_PORT 
....................    #if defined(__PCB__) 
....................       #define LCD_DATA_PORT      0x06     //portb 
....................       #define set_tris_lcd(x)   set_tris_b(x) 
....................    #else 
....................      #if defined(PIN_D0) 
....................       #define LCD_DATA_PORT      getenv("SFR:PORTD")     //portd 
....................      #else 
....................       #define LCD_DATA_PORT      getenv("SFR:PORTB")     //portb 
....................      #endif 
....................    #endif    
.................... #endif 
....................  
.................... #if defined(__PCB__) 
....................    LCD_PIN_MAP lcd, lcdlat; 
....................    #byte lcd = LCD_DATA_PORT 
....................    #byte lcdlat = LCD_DATA_PORT 
.................... #elif defined(__PCM__) 
....................    LCD_PIN_MAP lcd, lcdlat, lcdtris; 
....................    #byte lcd = LCD_DATA_PORT 
....................    #byte lcdlat = LCD_DATA_PORT 
....................    #byte lcdtris = LCD_DATA_PORT+0x80 
.................... #elif defined(__PCH__) 
....................    LCD_PIN_MAP lcd, lcdlat, lcdtris; 
....................    #byte lcd = LCD_DATA_PORT 
....................    #byte lcdlat = LCD_DATA_PORT+9 
....................    #byte lcdtris = LCD_DATA_PORT+0x12 
.................... #elif defined(__PCD__) 
....................    LCD_PIN_MAP lcd, lcdlat, lcdtris; 
....................    #word lcd = LCD_DATA_PORT 
....................    #word lcdlat = LCD_DATA_PORT+2 
....................    #word lcdtris = LCD_DATA_PORT-0x02 
.................... #endif 
.................... #endif   //LCD_DATA4 not defined 
....................  
.................... #ifndef LCD_TYPE 
....................    #define LCD_TYPE 2           // 0=5x7, 1=5x10, 2=2 lines 
.................... #endif 
....................  
.................... #ifndef LCD_LINE_TWO 
....................    #define LCD_LINE_TWO 0x40    // LCD RAM address for the second line 
.................... #endif 
....................  
.................... #ifndef LCD_LINE_LENGTH 
....................    #define LCD_LINE_LENGTH 20 
.................... #endif 
....................  
.................... unsigned int8 lcd_read_nibble(void); 
....................  
.................... unsigned int8 lcd_read_byte(void) 
.................... { 
....................    unsigned int8 low,high; 
....................  
....................  #if defined(__PCB__) 
....................    set_tris_lcd(LCD_INPUT_MAP); 
....................  #else 
....................   #if (defined(LCD_DATA4) && defined(LCD_DATA5) && defined(LCD_DATA6) && defined(LCD_DATA7)) 
....................    output_float(LCD_DATA4); 
....................    output_float(LCD_DATA5); 
....................    output_float(LCD_DATA6); 
....................    output_float(LCD_DATA7); 
....................   #else 
....................    lcdtris.data = 0xF; 
*
003C:  MOVLW  0F
003D:  BSF    03.5
003E:  ANDWF  08,W
003F:  IORLW  F0
0040:  MOVWF  08
....................   #endif 
....................  #endif 
....................          
....................    lcd_output_rw(1); 
0041:  BCF    03.5
0042:  BSF    08.2
....................    delay_cycles(1); 
0043:  NOP
....................    lcd_output_enable(1); 
0044:  BSF    08.0
....................    delay_cycles(1); 
0045:  NOP
....................    high = lcd_read_nibble(); 
0046:  CALL   030
0047:  MOVF   78,W
0048:  MOVWF  2D
....................        
....................    lcd_output_enable(0); 
0049:  BCF    08.0
....................    delay_cycles(1); 
004A:  NOP
....................    lcd_output_enable(1); 
004B:  BSF    08.0
....................    delay_us(1); 
004C:  NOP
....................    low = lcd_read_nibble(); 
004D:  CALL   030
004E:  MOVF   78,W
004F:  MOVWF  2C
....................        
....................    lcd_output_enable(0); 
0050:  BCF    08.0
....................  
....................  #if defined(__PCB__) 
....................    set_tris_lcd(LCD_OUTPUT_MAP); 
....................  #else 
....................   #if (defined(LCD_DATA4) && defined(LCD_DATA5) && defined(LCD_DATA6) && defined(LCD_DATA7)) 
....................    output_drive(LCD_DATA4); 
....................    output_drive(LCD_DATA5); 
....................    output_drive(LCD_DATA6); 
....................    output_drive(LCD_DATA7); 
....................   #else 
....................    lcdtris.data = 0x0; 
0051:  MOVLW  0F
0052:  BSF    03.5
0053:  ANDWF  08,W
0054:  MOVWF  08
....................   #endif 
....................  #endif 
....................  
....................    return( (high<<4) | low); 
0055:  BCF    03.5
0056:  SWAPF  2D,W
0057:  MOVWF  77
0058:  MOVLW  F0
0059:  ANDWF  77,F
005A:  MOVF   77,W
005B:  IORWF  2C,W
005C:  MOVWF  78
.................... } 
....................  
.................... unsigned int8 lcd_read_nibble(void) 
.................... { 
....................   #if (defined(LCD_DATA4) && defined(LCD_DATA5) && defined(LCD_DATA6) && defined(LCD_DATA7)) 
....................    unsigned int8 n = 0x00; 
....................  
....................    /* Read the data port */ 
....................    n |= input(LCD_DATA4); 
....................    n |= input(LCD_DATA5) << 1; 
....................    n |= input(LCD_DATA6) << 2; 
....................    n |= input(LCD_DATA7) << 3; 
....................     
....................    return(n); 
....................   #else 
....................    return(lcd.data); 
*
0030:  MOVF   08,W
0031:  MOVWF  77
0032:  SWAPF  08,W
0033:  ANDLW  0F
0034:  MOVWF  78
....................   #endif 
0035:  RETURN
.................... } 
....................  
.................... void lcd_send_nibble(unsigned int8 n) 
.................... { 
....................   #if (defined(LCD_DATA4) && defined(LCD_DATA5) && defined(LCD_DATA6) && defined(LCD_DATA7)) 
....................    /* Write to the data port */ 
....................    output_bit(LCD_DATA4, bit_test(n, 0)); 
....................    output_bit(LCD_DATA5, bit_test(n, 1)); 
....................    output_bit(LCD_DATA6, bit_test(n, 2)); 
....................    output_bit(LCD_DATA7, bit_test(n, 3)); 
....................   #else       
....................    lcdlat.data = n; 
*
0024:  SWAPF  2D,W
0025:  ANDLW  F0
0026:  MOVWF  77
0027:  MOVLW  0F
0028:  ANDWF  08,W
0029:  IORWF  77,W
002A:  MOVWF  08
....................   #endif 
....................        
....................    delay_cycles(1); 
002B:  NOP
....................    lcd_output_enable(1); 
002C:  BSF    08.0
....................    delay_us(2); 
002D:  GOTO   02E
....................    lcd_output_enable(0); 
002E:  BCF    08.0
002F:  RETURN
.................... } 
....................  
.................... void lcd_send_byte(unsigned int8 address, unsigned int8 n) 
.................... { 
....................   #if defined(__PCB__) 
....................    set_tris_lcd(LCD_OUTPUT_MAP); 
....................   #else 
....................    lcd_enable_tris(); 
*
0036:  BSF    03.5
0037:  BCF    08.0
....................    lcd_rs_tris(); 
0038:  BCF    08.1
....................    lcd_rw_tris(); 
0039:  BCF    08.2
....................   #endif 
....................  
....................    lcd_output_rs(0); 
003A:  BCF    03.5
003B:  BCF    08.1
....................    while ( bit_test(lcd_read_byte(),7) ) ; 
*
005D:  MOVF   78,W
005E:  MOVWF  2C
005F:  BTFSC  2C.7
0060:  GOTO   03C
....................    lcd_output_rs(address); 
0061:  BTFSS  2A.0
0062:  BCF    08.1
0063:  BTFSC  2A.0
0064:  BSF    08.1
....................    delay_cycles(1); 
0065:  NOP
....................    lcd_output_rw(0); 
0066:  BCF    08.2
....................    delay_cycles(1); 
0067:  NOP
....................    lcd_output_enable(0); 
0068:  BCF    08.0
....................    lcd_send_nibble(n >> 4); 
0069:  SWAPF  2B,W
006A:  MOVWF  2C
006B:  MOVLW  0F
006C:  ANDWF  2C,F
006D:  MOVF   2C,W
006E:  MOVWF  2D
006F:  CALL   024
....................    lcd_send_nibble(n & 0xf); 
0070:  MOVF   2B,W
0071:  ANDLW  0F
0072:  MOVWF  2C
0073:  MOVWF  2D
0074:  CALL   024
0075:  RETURN
.................... } 
....................  
.................... #if defined(LCD_EXTENDED_NEWLINE) 
.................... unsigned int8 g_LcdX, g_LcdY; 
.................... #endif 
....................  
.................... void lcd_init(void)  
.................... { 
....................    unsigned int8 i; 
....................    unsigned int8 LCD_INIT_STRING[4] = {0x20 | (LCD_TYPE << 2), 0xc, 1, 6}; 
0076:  MOVLW  28
0077:  MOVWF  23
0078:  MOVLW  0C
0079:  MOVWF  24
007A:  MOVLW  01
007B:  MOVWF  25
007C:  MOVLW  06
007D:  MOVWF  26
....................                              // These bytes need to be sent to the LCD 
....................                              // to start it up. 
....................     
....................  
....................    lcd_output_enable(0); 
007E:  BCF    08.0
....................    lcd_output_rs(0); 
007F:  BCF    08.1
....................    lcd_output_rw(0); 
0080:  BCF    08.2
....................  
....................  #if defined(__PCB__) 
....................    set_tris_lcd(LCD_OUTPUT_MAP); 
....................  #else 
....................   #if (defined(LCD_DATA4) && defined(LCD_DATA5) && defined(LCD_DATA6) && defined(LCD_DATA7)) 
....................    output_drive(LCD_DATA4); 
....................    output_drive(LCD_DATA5); 
....................    output_drive(LCD_DATA6); 
....................    output_drive(LCD_DATA7); 
....................   #else 
....................    lcdtris.data = 0x0; 
0081:  MOVLW  0F
0082:  BSF    03.5
0083:  ANDWF  08,W
0084:  MOVWF  08
....................   #endif 
....................    lcd_enable_tris(); 
0085:  BCF    08.0
....................    lcd_rs_tris(); 
0086:  BCF    08.1
....................    lcd_rw_tris(); 
0087:  BCF    08.2
....................  #endif 
....................      
....................    delay_ms(15); 
0088:  MOVLW  0F
0089:  BCF    03.5
008A:  MOVWF  27
008B:  CALL   00F
....................    for(i=1;i<=3;++i) 
008C:  MOVLW  01
008D:  MOVWF  22
008E:  MOVF   22,W
008F:  SUBLW  03
0090:  BTFSS  03.0
0091:  GOTO   09A
....................    { 
....................        lcd_send_nibble(3); 
0092:  MOVLW  03
0093:  MOVWF  2D
0094:  CALL   024
....................        delay_ms(5); 
0095:  MOVLW  05
0096:  MOVWF  27
0097:  CALL   00F
0098:  INCF   22,F
0099:  GOTO   08E
....................    } 
....................     
....................    lcd_send_nibble(2); 
009A:  MOVLW  02
009B:  MOVWF  2D
009C:  CALL   024
....................    delay_ms(5); 
009D:  MOVLW  05
009E:  MOVWF  27
009F:  CALL   00F
....................    for(i=0;i<=3;++i) 
00A0:  CLRF   22
00A1:  MOVF   22,W
00A2:  SUBLW  03
00A3:  BTFSS  03.0
00A4:  GOTO   0B1
....................       lcd_send_byte(0,LCD_INIT_STRING[i]); 
00A5:  MOVLW  23
00A6:  ADDWF  22,W
00A7:  MOVWF  04
00A8:  BCF    03.7
00A9:  MOVF   00,W
00AA:  MOVWF  27
00AB:  CLRF   2A
00AC:  MOVF   27,W
00AD:  MOVWF  2B
00AE:  CALL   036
....................  
....................   #if defined(LCD_EXTENDED_NEWLINE) 
00AF:  INCF   22,F
00B0:  GOTO   0A1
00B1:  BCF    0A.3
00B2:  BCF    0A.4
00B3:  GOTO   15F (RETURN)
....................    g_LcdX = 0; 
....................    g_LcdY = 0; 
....................   #endif 
.................... } 
....................  
.................... void lcd_gotoxy(unsigned int8 x, unsigned int8 y) 
.................... { 
....................    unsigned int8 address; 
....................     
....................    if(y!=1) 
00B4:  DECFSZ 27,W
00B5:  GOTO   0B7
00B6:  GOTO   0BA
....................       address=LCD_LINE_TWO; 
00B7:  MOVLW  40
00B8:  MOVWF  28
00B9:  GOTO   0BB
....................    else 
....................       address=0; 
00BA:  CLRF   28
....................       
....................    address+=x-1; 
00BB:  MOVLW  01
00BC:  SUBWF  26,W
00BD:  ADDWF  28,F
....................    lcd_send_byte(0,0x80|address); 
00BE:  MOVF   28,W
00BF:  IORLW  80
00C0:  MOVWF  29
00C1:  CLRF   2A
00C2:  MOVF   29,W
00C3:  MOVWF  2B
00C4:  CALL   036
....................  
....................   #if defined(LCD_EXTENDED_NEWLINE) 
00C5:  RETURN
....................    g_LcdX = x - 1; 
....................    g_LcdY = y - 1; 
....................   #endif 
.................... } 
....................  
.................... void lcd_putc(char c) 
.................... { 
....................    switch (c) 
00C6:  MOVF   25,W
00C7:  XORLW  07
00C8:  BTFSC  03.2
00C9:  GOTO   0D4
00CA:  XORLW  0B
00CB:  BTFSC  03.2
00CC:  GOTO   0D9
00CD:  XORLW  06
00CE:  BTFSC  03.2
00CF:  GOTO   0E1
00D0:  XORLW  02
00D1:  BTFSC  03.2
00D2:  GOTO   0E7
00D3:  GOTO   0EC
....................    { 
....................       case '\a'   :  lcd_gotoxy(1,1);     break; 
00D4:  MOVLW  01
00D5:  MOVWF  26
00D6:  MOVWF  27
00D7:  CALL   0B4
00D8:  GOTO   0F1
....................  
....................       case '\f'   :  lcd_send_byte(0,1); 
00D9:  CLRF   2A
00DA:  MOVLW  01
00DB:  MOVWF  2B
00DC:  CALL   036
....................                      delay_ms(2); 
00DD:  MOVLW  02
00DE:  MOVWF  27
00DF:  CALL   00F
....................                     #if defined(LCD_EXTENDED_NEWLINE) 
....................                      g_LcdX = 0; 
....................                      g_LcdY = 0; 
....................                     #endif 
....................                      break; 
00E0:  GOTO   0F1
....................  
....................      #if defined(LCD_EXTENDED_NEWLINE) 
....................       case '\r'   :  lcd_gotoxy(1, g_LcdY+1);   break; 
....................       case '\n'   : 
....................          while (g_LcdX++ < LCD_LINE_LENGTH) 
....................          { 
....................             lcd_send_byte(1, ' '); 
....................          } 
....................          lcd_gotoxy(1, g_LcdY+2); 
....................          break; 
....................      #else 
....................       case '\n'   : lcd_gotoxy(1,2);        break; 
00E1:  MOVLW  01
00E2:  MOVWF  26
00E3:  MOVLW  02
00E4:  MOVWF  27
00E5:  CALL   0B4
00E6:  GOTO   0F1
....................      #endif 
....................       
....................       case '\b'   : lcd_send_byte(0,0x10);  break; 
00E7:  CLRF   2A
00E8:  MOVLW  10
00E9:  MOVWF  2B
00EA:  CALL   036
00EB:  GOTO   0F1
....................       
....................      #if defined(LCD_EXTENDED_NEWLINE) 
....................       default     :  
....................          if (g_LcdX < LCD_LINE_LENGTH) 
....................          { 
....................             lcd_send_byte(1, c); 
....................             g_LcdX++; 
....................          } 
....................          break; 
....................      #else 
....................       default     : lcd_send_byte(1,c);     break; 
00EC:  MOVLW  01
00ED:  MOVWF  2A
00EE:  MOVF   25,W
00EF:  MOVWF  2B
00F0:  CALL   036
....................      #endif 
....................    } 
00F1:  RETURN
.................... } 
....................   
.................... char lcd_getc(unsigned int8 x, unsigned int8 y) 
.................... { 
....................    char value; 
....................  
....................    lcd_gotoxy(x,y); 
....................    while ( bit_test(lcd_read_byte(),7) ); // wait until busy flag is low 
....................    lcd_output_rs(1); 
....................    value = lcd_read_byte(); 
....................    lcd_output_rs(0); 
....................     
....................    return(value); 
.................... } 
....................  
.................... // write a custom character to the ram 
.................... // which is 0-7 and specifies which character array we are modifying. 
.................... // ptr points to an array of 8 bytes, where each byte is the next row of 
.................... //    pixels.  only bits 0-4 are used.  the last row is the cursor row, and 
.................... //    usually you will want to leave this byte 0x00. 
.................... void lcd_set_cgram_char(unsigned int8 which, unsigned int8 *ptr) 
.................... { 
....................    unsigned int i; 
....................  
....................    which <<= 3; 
....................    which &= 0x38; 
....................  
....................    lcd_send_byte(0, 0x40 | which);  //set cgram address 
....................  
....................    for(i=0; i<8; i++) 
....................    { 
....................       lcd_send_byte(1, *ptr++); 
....................    } 
....................    
....................    #if defined(LCD_EXTENDED_NEWLINE) 
....................     lcd_gotoxy(g_LcdX+1, g_LcdY+1);  //set ddram address 
....................    #endif 
.................... } 
....................  
.................... void lcd_cursor_on(int1 on) 
.................... { 
....................    if (on) 
....................    { 
....................       lcd_send_byte(0,0x0F);           //turn LCD cursor ON 
....................    } 
....................    else 
....................    { 
....................       lcd_send_byte(0,0x0C);           //turn LCD cursor OFF 
....................    } 
.................... } 
....................  
.................... #endif 
....................  
.................... #FUSES XT,NOPROTECT,NOWDT,NOBROWNOUT,PUT,NOLVP 
....................  
.................... void MAIN() 
*
0148:  MOVF   03,W
0149:  ANDLW  1F
014A:  MOVWF  03
014B:  CLRF   21
014C:  CLRF   20
014D:  BSF    03.5
014E:  BSF    03.6
014F:  MOVF   09,W
0150:  ANDLW  C0
0151:  MOVWF  09
0152:  BCF    03.6
0153:  BCF    1F.4
0154:  BCF    1F.5
0155:  MOVLW  00
0156:  BSF    03.6
0157:  MOVWF  08
0158:  BCF    03.5
0159:  CLRF   07
015A:  CLRF   08
015B:  CLRF   09
015C:  BCF    03.7
.................... { 
....................    LCD_INIT();       //Inicializa el LCD 
015D:  BCF    03.6
015E:  GOTO   076
....................    LCD_PUTC("\f");   //Borrar el contenido del LCD 
015F:  MOVLW  04
0160:  BSF    03.6
0161:  MOVWF  0D
0162:  MOVLW  00
0163:  MOVWF  0F
0164:  BCF    03.6
0165:  CALL   0F2
....................    WHILE(TRUE) 
....................    { 
....................       LCD_GOTOXY(5,1);        //Se ubica En la columna 5 fila 1 
0166:  MOVLW  05
0167:  MOVWF  26
0168:  MOVLW  01
0169:  MOVWF  27
016A:  CALL   0B4
....................       LCD_PUTC("Control");    //Muestre el mensaje “Control” 
016B:  MOVLW  05
016C:  BSF    03.6
016D:  MOVWF  0D
016E:  MOVLW  00
016F:  MOVWF  0F
0170:  BCF    03.6
0171:  CALL   0F2
....................       LCD_GOTOXY(3,2);        //Ubicarse en la columna 3 fila 2 
0172:  MOVLW  03
0173:  MOVWF  26
0174:  MOVLW  02
0175:  MOVWF  27
0176:  CALL   0B4
....................       LCD_PUTC("Automatico"); // Sacar el mensaje “Automatico” 
0177:  MOVLW  09
0178:  BSF    03.6
0179:  MOVWF  0D
017A:  MOVLW  00
017B:  MOVWF  0F
017C:  BCF    03.6
017D:  CALL   0F2
017E:  GOTO   166
....................    } //Cierra while true 
.................... } 
017F:  SLEEP

Configuration Fuses:
   Word  1: 2CE1   XT NOWDT PUT MCLR NOPROTECT NOCPD NOBROWNOUT IESO FCMEN NOLVP NODEBUG
   Word  2: 3FFF   BORV40 NOWRT
