
ROM used:   795/8192 (10%)
            795/8192 (10%) including unused fragments

            0.5 Average locations per line
            4.0 Average locations per statement

RAM used:   27/368 (7%) at main() level
            39/368 (11%) worst case

Stack used: 5 worst case (5 in main + 0 for interrupts)
Stack size: 8

Lines Stmts  %   Files
----- ----- ---  -----
  128    77  38  LCD con Teclado para Contraseña.c
  786     0   0  ..\..\..\..\..\..\..\Program Files (x86)\PICC\Devices\16f887.h
  456    84  42  ..\..\..\..\..\..\..\Program Files (x86)\PICC\Drivers\lcd.c
  135    40  20  ..\..\..\..\..\..\..\Program Files (x86)\PICC\Drivers\kbd.c
----- -----
 1505   201 Total

Page ROM  %  RAM    Vol Diff  Functions:
---- --- --- ---    --- ----  ----------
0     21   3    1             @delay_ms1
 Inline         3    596  5.9  lcd_read_byte
0      6   1    0     59  4.2  lcd_read_nibble
0     12   2    1    179  3.3  lcd_send_nibble
0     64   8    3    460  4.7  lcd_send_byte
0     62   8    6    814  7.2  lcd_init
0     18   2    4    208  6.3  lcd_gotoxy
0     44   6    1    354  4.7  lcd_putc
0     16   2    0             @const684
0      3   0    0      3  0.0  kbd_init
0    136  17    3   4540 10.2  kbd_getc
 Inline         2             @MUL88
0    284  36   15   2880  8.7  MAIN
0      1   0    0             @const707
0     86  11    4             @PSTRINGC7_670
0      8   1    0             @const715
0      9   1    0             @const716
0      1   0    0             @const717
0      8   1    0             @const718
0      1   0    0             @const723
0      1   0    0             @const724
0      9   1    0             @const725
0      1   0    0             @const726
 Inline         0             @cinit1

Program metrics:
    Functions               10
    Statements              201
    Comments                294
    Volume (V)              13698
    Difficulty (D)          52.9
    Effort to implement (E) 725090
    Time to implement (T)   11 hours, 11 minutes
    Est Delivered Bugs (B)  3
    Cyclomatic Complexity   31
    Maintainability (MI)    127

 Segment     Used  Free
-----------  ----  ----
00000-00003     4  0  
00004-007FF   791  1253  
00800-00FFF     0  2048  
01000-017FF     0  2048  
01800-01FFF     0  2048  



