
ROM used:   463/8192 (6%)
            463/8192 (6%) including unused fragments

            0.4 Average locations per line
            4.7 Average locations per statement

RAM used:   9/368 (2%) at main() level
            22/368 (6%) worst case

Stack used: 4 worst case (4 in main + 0 for interrupts)
Stack size: 8

Lines Stmts  %   Files
----- ----- ---  -----
   32    15  15  LCD_PIC.c
  786     0   0  ..\..\..\..\..\..\..\Program Files (x86)\PICC\Devices\16f887.h
  456    84  85  ..\..\..\..\..\..\..\Program Files (x86)\PICC\Drivers\lcd.c
----- -----
 1274    99 Total

Page ROM  %  RAM    Vol Diff  Functions:
---- --- --- ---    --- ----  ----------
0     21   5    1             @delay_ms1
 Inline         3    596  5.9  lcd_read_byte
0      6   1    0     59  4.2  lcd_read_nibble
0     12   3    1    179  3.3  lcd_send_nibble
0     64  14    3    460  4.7  lcd_send_byte
0     62  13    6    814  7.2  lcd_init
0     18   4    4    208  6.3  lcd_gotoxy
0     44  10    1    354  4.7  lcd_putc
0     31   7    0     96  3.2  @const683
0     66  14    2    358  5.6  MAIN
0     46  10    2     27  1.5  @PSTRINGC_670
0      1   0    0     96  3.2  @const694
0     88  19    4    230  4.5  @PSTRINGC7_670
 Inline         0    922  5.7  @cinit1

Program metrics:
    Functions               13
    Statements              99
    Comments                241
    Volume (V)              7092
    Difficulty (D)          60.6
    Effort to implement (E) 430058
    Time to implement (T)   6 hours, 38 minutes
    Est Delivered Bugs (B)  2
    Cyclomatic Complexity   14
    Maintainability (MI)    124

 Segment     Used  Free
-----------  ----  ----
00000-00003     4  0  
00004-007FF   459  1585  
00800-00FFF     0  2048  
01000-017FF     0  2048  
01800-01FFF     0  2048  



