
ROM used:   384/8192 (5%)
            384/8192 (5%) including unused fragments

            0.3 Average locations per line
            4.2 Average locations per statement

RAM used:   7/368 (2%) at main() level
            20/368 (5%) worst case

Stack used: 5 worst case (5 in main + 0 for interrupts)
Stack size: 8

Lines Stmts  %   Files
----- ----- ---  -----
   18     8   9  LCD_1_Mensaje.c
  786     0   0  ..\..\..\..\..\..\Program Files (x86)\PICC\Devices\16F887.H
  456    84  91  ..\..\..\..\..\..\Program Files (x86)\PICC\Drivers\LCD.C
----- -----
 1260    92 Total

Page ROM  %  RAM    Vol Diff  Functions:
---- --- --- ---    --- ----  ----------
0     21   5    1             @delay_ms1
 Inline         3    596  5.9  lcd_read_byte
0      6   2    0     59  4.2  lcd_read_nibble
0     12   3    1    179  3.3  lcd_send_nibble
0     64  17    3    460  4.7  lcd_send_byte
0     62  16    6    814  7.2  lcd_init
0     18   5    4    208  6.3  lcd_gotoxy
0     44  11    1    354  4.7  lcd_putc
0     56  15    0    147  2.1  MAIN
0      1   0    0      3  0.0  @const685
0     86  22    4             @PSTRINGC7_670
0      4   1    0    373  4.9  @const690
0      6   2    0             @const691
 Inline         0             @cinit1

Program metrics:
    Functions               10
    Statements              92
    Comments                242
    Volume (V)              4971
    Difficulty (D)          43.0
    Effort to implement (E) 213945
    Time to implement (T)   3 hours, 18 minutes
    Est Delivered Bugs (B)  1
    Cyclomatic Complexity   9
    Maintainability (MI)    151

 Segment     Used  Free
-----------  ----  ----
00000-00003     4  0  
00004-007FF   380  1664  
00800-00FFF     0  2048  
01000-017FF     0  2048  
01800-01FFF     0  2048  



