
ROM used:   794/8192 (10%)
            794/8192 (10%) including unused fragments

            0.5 Average locations per line
            3.9 Average locations per statement

RAM used:   19/368 (5%) at main() level
            31/368 (8%) worst case

Stack used: 5 worst case (5 in main + 0 for interrupts)
Stack size: 8

Lines Stmts  %   Files
----- ----- ---  -----
  129    78  39  Teclado_LCD_CLAVE_4.c
  786     0   0  ..\..\..\..\..\..\Program Files (x86)\PICC\Devices\16f887.h
  135    40  20  ..\..\..\..\..\..\Program Files (x86)\PICC\Drivers\KBD.C
  456    84  42  ..\..\..\..\..\..\Program Files (x86)\PICC\Drivers\LCD.C
----- -----
 1506   202 Total

Page ROM  %  RAM    Vol Diff  Functions:
---- --- --- ---    --- ----  ----------
0     21   3    1             @delay_ms1
0     16   2    0    596  5.9  @const646
0      3   0    0      3  0.0  kbd_init
0    136  17    3   4544 10.1  kbd_getc
 Inline         2    460  4.7  @MUL88
 Inline         3    596  5.9  lcd_read_byte
0      6   1    0     59  4.2  lcd_read_nibble
0     12   2    1    179  3.3  lcd_send_nibble
0     64   8    3    460  4.7  lcd_send_byte
0     62   8    6    814  7.2  lcd_init
0     18   2    4    208  6.3  lcd_gotoxy
0     44   6    1    354  4.7  lcd_putc
0     72   9    0    674  3.8  TECLADO
0    214  27    1   1666  5.3  MAIN
0      7   1    0             @const710
0     86  11    4             @PSTRINGC7_686
0      8   1    0             @const715
0      1   0    0             @const716
0      1   0    0             @const717
0      9   1    0             @const718
0      1   0    0             @const719
0      9   1    0             @const720
 Inline         0             @cinit1

Program metrics:
    Functions               13
    Statements              202
    Comments                292
    Volume (V)              15501
    Difficulty (D)          63.9
    Effort to implement (E) 990846
    Time to implement (T)   15 hours, 17 minutes
    Est Delivered Bugs (B)  3
    Cyclomatic Complexity   36
    Maintainability (MI)    133

 Segment     Used  Free
-----------  ----  ----
00000-00003     4  0  
00004-007FF   790  1254  
00800-00FFF     0  2048  
01000-017FF     0  2048  
01800-01FFF     0  2048  



